2021-02-11 18:14:05
Full thread dump Java HotSpot(TM) 64-Bit Server VM (14.0.2+12-46 mixed mode, sharing):

Threads class SMR info:
_java_thread_list=0x00007fb060002830, length=12, elements={
0x00007fb0a802b800, 0x00007fb0a8170800, 0x00007fb0a8172800, 0x00007fb0a8179800,
0x00007fb0a817b800, 0x00007fb0a817d800, 0x00007fb0a817f800, 0x00007fb0a8181800,
0x00007fb0a8190000, 0x00007fb0a821d000, 0x00007fb0a821d800, 0x00007fb060001000
}

"main" #1 prio=5 os_prio=0 cpu=120,83ms elapsed=3911,87s tid=0x00007fb0a802b800 nid=0x7996 runnable  [0x00007fb0ae887000]
   java.lang.Thread.State: RUNNABLE
	at java.io.FileInputStream.readBytes(java.base@14.0.2/Native Method)
	at java.io.FileInputStream.read(java.base@14.0.2/FileInputStream.java:272)
	at java.io.BufferedInputStream.read1(java.base@14.0.2/BufferedInputStream.java:282)
	at java.io.BufferedInputStream.read(java.base@14.0.2/BufferedInputStream.java:343)
	- locked <0x000000008d304c48> (a java.io.BufferedInputStream)
	at sun.nio.cs.StreamDecoder.readBytes(java.base@14.0.2/StreamDecoder.java:297)
	at sun.nio.cs.StreamDecoder.implRead(java.base@14.0.2/StreamDecoder.java:339)
	at sun.nio.cs.StreamDecoder.read(java.base@14.0.2/StreamDecoder.java:188)
	- locked <0x000000008d2439a0> (a java.io.InputStreamReader)
	at java.io.InputStreamReader.read(java.base@14.0.2/InputStreamReader.java:181)
	at java.io.Reader.read(java.base@14.0.2/Reader.java:189)
	at java.util.Scanner.readInput(java.base@14.0.2/Scanner.java:882)
	at java.util.Scanner.findWithinHorizon(java.base@14.0.2/Scanner.java:1796)
	at java.util.Scanner.nextLine(java.base@14.0.2/Scanner.java:1649)
	at ru.job4j.tracker.ConsoleInput.askStr(ConsoleInput.java:11)
	at ru.job4j.tracker.ConsoleInput.askInt(ConsoleInput.java:16)
	at ru.job4j.tracker.ConsoleInput.askInt(ConsoleInput.java:21)
	at ru.job4j.tracker.ValidateInput.askInt(ValidateInput.java:36)
	at ru.job4j.tracker.StartUI.init(StartUI.java:13)
	at ru.job4j.tracker.StartUI.main(StartUI.java:40)

   Locked ownable synchronizers:
	- None

"Reference Handler" #2 daemon prio=10 os_prio=0 cpu=0,12ms elapsed=3911,87s tid=0x00007fb0a8170800 nid=0x799d waiting on condition  [0x00007fb08820d000]
   java.lang.Thread.State: RUNNABLE
	at java.lang.ref.Reference.waitForReferencePendingList(java.base@14.0.2/Native Method)
	at java.lang.ref.Reference.processPendingReferences(java.base@14.0.2/Reference.java:241)
	at java.lang.ref.Reference$ReferenceHandler.run(java.base@14.0.2/Reference.java:213)

   Locked ownable synchronizers:
	- None

"Finalizer" #3 daemon prio=8 os_prio=0 cpu=0,15ms elapsed=3911,87s tid=0x00007fb0a8172800 nid=0x799e in Object.wait()  [0x00007fb08810c000]
   java.lang.Thread.State: WAITING (on object monitor)
	at java.lang.Object.wait(java.base@14.0.2/Native Method)
	- waiting on <0x000000008d3027f0> (a java.lang.ref.ReferenceQueue$Lock)
	at java.lang.ref.ReferenceQueue.remove(java.base@14.0.2/ReferenceQueue.java:155)
	- locked <0x000000008d3027f0> (a java.lang.ref.ReferenceQueue$Lock)
	at java.lang.ref.ReferenceQueue.remove(java.base@14.0.2/ReferenceQueue.java:176)
	at java.lang.ref.Finalizer$FinalizerThread.run(java.base@14.0.2/Finalizer.java:170)

   Locked ownable synchronizers:
	- None

"Signal Dispatcher" #4 daemon prio=9 os_prio=0 cpu=0,75ms elapsed=3911,86s tid=0x00007fb0a8179800 nid=0x799f runnable  [0x0000000000000000]
   java.lang.Thread.State: RUNNABLE

   Locked ownable synchronizers:
	- None

"Service Thread" #5 daemon prio=9 os_prio=0 cpu=0,04ms elapsed=3911,86s tid=0x00007fb0a817b800 nid=0x79a0 runnable  [0x0000000000000000]
   java.lang.Thread.State: RUNNABLE

   Locked ownable synchronizers:
	- None

"C2 CompilerThread0" #6 daemon prio=9 os_prio=0 cpu=78,58ms elapsed=3911,86s tid=0x00007fb0a817d800 nid=0x79a1 waiting on condition  [0x0000000000000000]
   java.lang.Thread.State: RUNNABLE
   No compile task

   Locked ownable synchronizers:
	- None

"C1 CompilerThread0" #8 daemon prio=9 os_prio=0 cpu=103,85ms elapsed=3911,86s tid=0x00007fb0a817f800 nid=0x79a2 waiting on condition  [0x0000000000000000]
   java.lang.Thread.State: RUNNABLE
   No compile task

   Locked ownable synchronizers:
	- None

"Sweeper thread" #9 daemon prio=9 os_prio=0 cpu=1,22ms elapsed=3911,86s tid=0x00007fb0a8181800 nid=0x79a3 runnable  [0x0000000000000000]
   java.lang.Thread.State: RUNNABLE

   Locked ownable synchronizers:
	- None

"Common-Cleaner" #10 daemon prio=8 os_prio=0 cpu=5,19ms elapsed=3911,84s tid=0x00007fb0a8190000 nid=0x79a4 in Object.wait()  [0x00007fb06b6e9000]
   java.lang.Thread.State: TIMED_WAITING (on object monitor)
	at java.lang.Object.wait(java.base@14.0.2/Native Method)
	- waiting on <0x000000008d344580> (a java.lang.ref.ReferenceQueue$Lock)
	at java.lang.ref.ReferenceQueue.remove(java.base@14.0.2/ReferenceQueue.java:155)
	- locked <0x000000008d344580> (a java.lang.ref.ReferenceQueue$Lock)
	at jdk.internal.ref.CleanerImpl.run(java.base@14.0.2/CleanerImpl.java:148)
	at java.lang.Thread.run(java.base@14.0.2/Thread.java:832)
	at jdk.internal.misc.InnocuousThread.run(java.base@14.0.2/InnocuousThread.java:134)

   Locked ownable synchronizers:
	- None

"Monitor Ctrl-Break" #11 daemon prio=5 os_prio=0 cpu=11,22ms elapsed=3911,80s tid=0x00007fb0a821d000 nid=0x79a5 runnable  [0x00007fb06b5d8000]
   java.lang.Thread.State: RUNNABLE
	at sun.nio.ch.SocketDispatcher.read0(java.base@14.0.2/Native Method)
	at sun.nio.ch.SocketDispatcher.read(java.base@14.0.2/SocketDispatcher.java:47)
	at sun.nio.ch.NioSocketImpl.tryRead(java.base@14.0.2/NioSocketImpl.java:261)
	at sun.nio.ch.NioSocketImpl.implRead(java.base@14.0.2/NioSocketImpl.java:312)
	at sun.nio.ch.NioSocketImpl.read(java.base@14.0.2/NioSocketImpl.java:350)
	at sun.nio.ch.NioSocketImpl$1.read(java.base@14.0.2/NioSocketImpl.java:803)
	at java.net.Socket$SocketInputStream.read(java.base@14.0.2/Socket.java:982)
	at sun.nio.cs.StreamDecoder.readBytes(java.base@14.0.2/StreamDecoder.java:297)
	at sun.nio.cs.StreamDecoder.implRead(java.base@14.0.2/StreamDecoder.java:339)
	at sun.nio.cs.StreamDecoder.read(java.base@14.0.2/StreamDecoder.java:188)
	- locked <0x000000008d26e920> (a java.io.InputStreamReader)
	at java.io.InputStreamReader.read(java.base@14.0.2/InputStreamReader.java:181)
	at java.io.BufferedReader.fill(java.base@14.0.2/BufferedReader.java:161)
	at java.io.BufferedReader.readLine(java.base@14.0.2/BufferedReader.java:326)
	- locked <0x000000008d26e920> (a java.io.InputStreamReader)
	at java.io.BufferedReader.readLine(java.base@14.0.2/BufferedReader.java:392)
	at com.intellij.rt.execution.application.AppMainV2$1.run(AppMainV2.java:64)

   Locked ownable synchronizers:
	- <0x000000008d2680b0> (a java.util.concurrent.locks.ReentrantLock$NonfairSync)

"Notification Thread" #12 daemon prio=9 os_prio=0 cpu=0,04ms elapsed=3911,80s tid=0x00007fb0a821d800 nid=0x79a6 runnable  [0x0000000000000000]
   java.lang.Thread.State: RUNNABLE

   Locked ownable synchronizers:
	- None

"Attach Listener" #13 daemon prio=9 os_prio=0 cpu=20,63ms elapsed=3910,49s tid=0x00007fb060001000 nid=0x79b0 waiting on condition  [0x0000000000000000]
   java.lang.Thread.State: RUNNABLE

   Locked ownable synchronizers:
	- None

"VM Thread" os_prio=0 cpu=198,59ms elapsed=3911,87s tid=0x00007fb0a816d800 nid=0x799c runnable  

"GC Thread#0" os_prio=0 cpu=0,96ms elapsed=3911,87s tid=0x00007fb0a806b000 nid=0x7997 runnable  

"G1 Main Marker" os_prio=0 cpu=0,06ms elapsed=3911,87s tid=0x00007fb0a807c800 nid=0x7998 runnable  

"G1 Conc#0" os_prio=0 cpu=0,02ms elapsed=3911,87s tid=0x00007fb0a807e000 nid=0x7999 runnable  

"G1 Refine#0" os_prio=0 cpu=0,06ms elapsed=3911,87s tid=0x00007fb0a80f4800 nid=0x799a runnable  

"G1 Young RemSet Sampling" os_prio=0 cpu=606,30ms elapsed=3911,87s tid=0x00007fb0a80f6000 nid=0x799b runnable  
"VM Periodic Task Thread" os_prio=0 cpu=3579,88ms elapsed=3911,80s tid=0x00007fb0a8219000 nid=0x79a7 waiting on condition  

JNI global refs: 15, weak refs: 0

